<?xml version="1.0" encoding="utf-8"?><testsuites name="pytest tests"><testsuite name="pytest" errors="0" failures="2" skipped="0" tests="13" time="3.193" timestamp="2026-07-28T21:49:46.784613+00:00" hostname="agent-env-bb4c521a-0cf2-48cc-81be-78f5cd6f65e2"><testcase classname="tests.backend_test.TestCactusAPI" name="test_01_config" time="0.237" /><testcase classname="tests.backend_test.TestCactusAPI" name="test_02_initial_products_empty" time="0.061" /><testcase classname="tests.backend_test.TestCactusAPI" name="test_03_login_wrong_credentials" time="0.058" /><testcase classname="tests.backend_test.TestCactusAPI" name="test_04_login_success" time="0.057" /><testcase classname="tests.backend_test.TestCactusAPI" name="test_05_create_requires_token" time="0.060" /><testcase classname="tests.backend_test.TestCactusAPI" name="test_06_create_rejects_missing_name_field" time="0.060"><failure message="assert 422 == 400&#10; +  where 422 = &lt;Response [422]&gt;.status_code">backend/tests/backend_test.py:130: in test_06_create_rejects_missing_name_field
    assert response.status_code == 400
E   assert 422 == 400
E    +  where 422 = &lt;Response [422]&gt;.status_code</failure></testcase><testcase classname="tests.backend_test.TestCactusAPI" name="test_07_create_validates_name_and_price[   -10-El nombre es obligatorio]" time="0.056" /><testcase classname="tests.backend_test.TestCactusAPI" name="test_07_create_validates_name_and_price[TEST_Invalid Price-0-El precio debe ser mayor a 0]" time="0.056" /><testcase classname="tests.backend_test.TestCactusAPI" name="test_08_create_rejects_invalid_image_content_type" time="0.056" /><testcase classname="tests.backend_test.TestCactusAPI" name="test_09_create_and_search_product" time="0.505"><failure message="AssertionError: assert 'pending' == 'skipped'&#10;  &#10;  - skipped&#10;  + pending">backend/tests/backend_test.py:170: in test_09_create_and_search_product
    assert product["instagram_status"] == "skipped"
E   AssertionError: assert 'pending' == 'skipped'
E     
E     - skipped
E     + pending</failure></testcase><testcase classname="tests.backend_test.TestCactusAPI" name="test_10_sort_prices" time="0.864" /><testcase classname="tests.backend_test.TestCactusAPI" name="test_11_product_file_is_public_image" time="0.183" /><testcase classname="tests.backend_test.TestCactusAPI" name="test_12_delete_auth_and_persistence" time="0.294" /></testsuite></testsuites>